Microsoft HTML Help Compiler 4.74.8702

Compiling f:\vc\新闻采集系统\WebDataMining\help\wdm.chm

HHC5013: Error: URL reference in the TOC cannot be resolved: "html\《方案管理系统》帮助内容.htm".
HHC5013: Error: URL reference in the TOC cannot be resolved: "html\文件菜单.htm".
HHC5013: Error: URL reference in the TOC cannot be resolved: "html\查看菜单.htm".
HHC5013: Error: URL reference in the TOC cannot be resolved: "html\方案管理菜单命令.htm".
HHC5013: Error: URL reference in the TOC cannot be resolved: "html\我情菜单命令.htm".
HHC5013: Error: URL reference in the TOC cannot be resolved: "html\敌情菜单命令.htm".
HHC5013: Error: URL reference in the TOC cannot be resolved: "html\环境菜单.htm".
HHC5013: Error: URL reference in the TOC cannot be resolved: "html\态势操作命令.htm".
HHC5013: Error: URL reference in the TOC cannot be resolved: "html\帮助菜单.htm".
HHC5013: Error: URL reference in the TOC cannot be resolved: "html\右键菜单.htm".


The following files were not compiled:
HHC5010: Error: Cannot open "f:\vc\新闻采集系统\WebDataMining\help\wdm.chm". Compilation stopped.
HHC5010: Error: Cannot open "f:\vc\新闻采集系统\WebDataMining\help\wdm.chm". Compilation stopped.
Microsoft HTML Help Compiler 4.74.8702

Compiling f:\vc\新闻采集系统\WebDataMining\help\wdm.chm

HHC5003: Error: Compilation failed while compiling html\帮助查看程序快捷键.htm.
HHC5013: Error: URL reference in the TOC cannot be resolved: "html\《方案管理系统》帮助内容.htm".
HHC5013: Error: URL reference in the TOC cannot be resolved: "html\文件菜单.htm".
HHC5013: Error: URL reference in the TOC cannot be resolved: "html\查看菜单.htm".
HHC5013: Error: URL reference in the TOC cannot be resolved: "html\方案管理菜单命令.htm".
HHC5013: Error: URL reference in the TOC cannot be resolved: "html\我情菜单命令.htm".
HHC5013: Error: URL reference in the TOC cannot be resolved: "html\敌情菜单命令.htm".
HHC5013: Error: URL reference in the TOC cannot be resolved: "html\环境菜单.htm".
HHC5013: Error: URL reference in the TOC cannot be resolved: "html\态势操作命令.htm".
HHC5013: Error: URL reference in the TOC cannot be resolved: "html\帮助菜单.htm".
HHC5013: Error: URL reference in the TOC cannot be resolved: "html\右键菜单.htm".


The following files were not compiled:
html\帮助查看程序快捷键.htm
Microsoft HTML Help Compiler 4.74.8702

Compiling f:\vc\新闻采集系统\WebDataMining\help\wdm.chm

HHC5013: Error: URL reference in the TOC cannot be resolved: "html\《方案管理系统》帮助内容.htm".
HHC5013: Error: URL reference in the TOC cannot be resolved: "html\文件菜单.htm".
HHC5013: Error: URL reference in the TOC cannot be resolved: "html\查看菜单.htm".
HHC5013: Error: URL reference in the TOC cannot be resolved: "html\方案管理菜单命令.htm".
HHC5013: Error: URL reference in the TOC cannot be resolved: "html\我情菜单命令.htm".
HHC5013: Error: URL reference in the TOC cannot be resolved: "html\敌情菜单命令.htm".
HHC5013: Error: URL reference in the TOC cannot be resolved: "html\环境菜单.htm".
HHC5013: Error: URL reference in the TOC cannot be resolved: "html\态势操作命令.htm".
HHC5013: Error: URL reference in the TOC cannot be resolved: "html\帮助菜单.htm".
HHC5013: Error: URL reference in the TOC cannot be resolved: "html\右键菜单.htm".


The following files were not compiled:
Microsoft HTML Help Compiler 4.74.8702

Compiling f:\vc\新闻采集系统\WebDataMining\help\wdm.chm

HHC5013: Error: URL reference in the TOC cannot be resolved: "html\《方案管理系统》帮助内容.htm".
HHC5013: Error: URL reference in the TOC cannot be resolved: "html\文件菜单.htm".
HHC5013: Error: URL reference in the TOC cannot be resolved: "html\查看菜单.htm".
HHC5013: Error: URL reference in the TOC cannot be resolved: "html\方案管理菜单命令.htm".
HHC5013: Error: URL reference in the TOC cannot be resolved: "html\我情菜单命令.htm".
HHC5013: Error: URL reference in the TOC cannot be resolved: "html\敌情菜单命令.htm".
HHC5013: Error: URL reference in the TOC cannot be resolved: "html\环境菜单.htm".
HHC5013: Error: URL reference in the TOC cannot be resolved: "html\态势操作命令.htm".
HHC5013: Error: URL reference in the TOC cannot be resolved: "html\帮助菜单.htm".
HHC5013: Error: URL reference in the TOC cannot be resolved: "html\右键菜单.htm".


The following files were not compiled:
Microsoft HTML Help Compiler 4.74.8702

Compiling f:\vc\新闻采集系统\WebDataMining\help\wdm.chm

HHC5013: Error: URL reference in the TOC cannot be resolved: "html\《方案管理系统》帮助内容.htm".
HHC5013: Error: URL reference in the TOC cannot be resolved: "html\文件菜单.htm".
HHC5013: Error: URL reference in the TOC cannot be resolved: "html\查看菜单.htm".
HHC5013: Error: URL reference in the TOC cannot be resolved: "html\方案管理菜单命令.htm".
HHC5013: Error: URL reference in the TOC cannot be resolved: "html\我情菜单命令.htm".
HHC5013: Error: URL reference in the TOC cannot be resolved: "html\敌情菜单命令.htm".
HHC5013: Error: URL reference in the TOC cannot be resolved: "html\环境菜单.htm".
HHC5013: Error: URL reference in the TOC cannot be resolved: "html\态势操作命令.htm".
HHC5013: Error: URL reference in the TOC cannot be resolved: "html\帮助菜单.htm".
HHC5013: Error: URL reference in the TOC cannot be resolved: "html\右键菜单.htm".


The following files were not compiled:
Microsoft HTML Help Compiler 4.74.8702

Compiling f:\vc\新闻采集系统\WebDataMining\help\wdm.chm

HHC5013: Error: URL reference in the TOC cannot be resolved: "html\《方案管理系统》帮助内容.htm".
HHC5013: Error: URL reference in the TOC cannot be resolved: "html\文件菜单.htm".
HHC5013: Error: URL reference in the TOC cannot be resolved: "html\查看菜单.htm".
HHC5013: Error: URL reference in the TOC cannot be resolved: "html\方案管理菜单命令.htm".
HHC5013: Error: URL reference in the TOC cannot be resolved: "html\我情菜单命令.htm".
HHC5013: Error: URL reference in the TOC cannot be resolved: "html\敌情菜单命令.htm".
HHC5013: Error: URL reference in the TOC cannot be resolved: "html\环境菜单.htm".
HHC5013: Error: URL reference in the TOC cannot be resolved: "html\态势操作命令.htm".
HHC5013: Error: URL reference in the TOC cannot be resolved: "html\帮助菜单.htm".
HHC5013: Error: URL reference in the TOC cannot be resolved: "html\右键菜单.htm".


The following files were not compiled:
HHC5010: Error: Cannot open "f:\vc\新闻采集系统\WebDataMining\help\wdm.chm". Compilation stopped.
Microsoft HTML Help Compiler 4.74.8702

Compiling f:\vc\新闻采集系统\WebDataMining\help\wdm.chm

HHC5013: Error: URL reference in the TOC cannot be resolved: "html\《方案管理系统》帮助内容.htm".
HHC5013: Error: URL reference in the TOC cannot be resolved: "html\文件菜单.htm".
HHC5013: Error: URL reference in the TOC cannot be resolved: "html\查看菜单.htm".
HHC5013: Error: URL reference in the TOC cannot be resolved: "html\方案管理菜单命令.htm".
HHC5013: Error: URL reference in the TOC cannot be resolved: "html\我情菜单命令.htm".
HHC5013: Error: URL reference in the TOC cannot be resolved: "html\敌情菜单命令.htm".
HHC5013: Error: URL reference in the TOC cannot be resolved: "html\环境菜单.htm".
HHC5013: Error: URL reference in the TOC cannot be resolved: "html\态势操作命令.htm".
HHC5013: Error: URL reference in the TOC cannot be resolved: "html\帮助菜单.htm".
HHC5013: Error: URL reference in the TOC cannot be resolved: "html\右键菜单.htm".


The following files were not compiled:
